Flow report for Ula
Thu Jan 25 12:15:45 2018
Quartus II Version 11.0 Build 208 07/03/2011 Service Pack 1 SJ Web Edition


---------------------
; Table of Contents ;
---------------------
  1. Legal Notice
  2. Flow Summary
  3. Flow Settings
  4. Flow Non-Default Global Settings
  5. Flow Elapsed Time
  6. Flow OS Summary
  7. Flow Log



----------------
; Legal Notice ;
----------------
Copyright (C) 1991-2011 Altera Corporation
Your use of Altera Corporation's design tools, logic functions 
and other software and tools, and its AMPP partner logic 
functions, and any output files from any of the foregoing 
(including device programming or simulation files), and any 
associated documentation or information are expressly subject 
to the terms and conditions of the Altera Program License 
Subscription Agreement, Altera MegaCore Function License 
Agreement, or other applicable license agreement, including, 
without limitation, that your use is for the sole purpose of 
programming logic devices manufactured by Altera and sold by 
Altera or its authorized distributors.  Please refer to the 
applicable agreement for further details.



+------------------------------------------------------------------------------------+
; Flow Summary                                                                       ;
+------------------------------------+-----------------------------------------------+
; Flow Status                        ; Successful - Thu Jan 25 12:15:45 2018         ;
; Quartus II Version                 ; 11.0 Build 208 07/03/2011 SP 1 SJ Web Edition ;
; Revision Name                      ; Ula                                           ;
; Top-level Entity Name              ; ula                                           ;
; Family                             ; Cyclone II                                    ;
; Device                             ; EP2C35F672C6                                  ;
; Timing Models                      ; Final                                         ;
; Total logic elements               ; 146 / 33,216 ( < 1 % )                        ;
;     Total combinational functions  ; 146 / 33,216 ( < 1 % )                        ;
;     Dedicated logic registers      ; 0 / 33,216 ( 0 % )                            ;
; Total registers                    ; 0                                             ;
; Total pins                         ; 34 / 475 ( 7 % )                              ;
; Total virtual pins                 ; 0                                             ;
; Total memory bits                  ; 0 / 483,840 ( 0 % )                           ;
; Embedded Multiplier 9-bit elements ; 0 / 70 ( 0 % )                                ;
; Total PLLs                         ; 0 / 4 ( 0 % )                                 ;
+------------------------------------+-----------------------------------------------+


+-----------------------------------------+
; Flow Settings                           ;
+-------------------+---------------------+
; Option            ; Setting             ;
+-------------------+---------------------+
; Start date & time ; 01/25/2018 12:15:21 ;
; Main task         ; Compilation         ;
; Revision Name     ; Ula                 ;
+-------------------+---------------------+


+-----------------------------------------------------------------------------------------------------------------+
; Flow Non-Default Global Settings                                                                                ;
+-------------------------------------+--------------------------------+---------------+-------------+------------+
; Assignment Name                     ; Value                          ; Default Value ; Entity Name ; Section Id ;
+-------------------------------------+--------------------------------+---------------+-------------+------------+
; COMPILER_SIGNATURE_ID               ; 93179164544653.151689332008036 ; --            ; --          ; --         ;
; MAX_CORE_JUNCTION_TEMP              ; 85                             ; --            ; --          ; --         ;
; MIN_CORE_JUNCTION_TEMP              ; 0                              ; --            ; --          ; --         ;
; PARTITION_COLOR                     ; 16764057                       ; --            ; --          ; Top        ;
; PARTITION_FITTER_PRESERVATION_LEVEL ; PLACEMENT_AND_ROUTING          ; --            ; --          ; Top        ;
; PARTITION_NETLIST_TYPE              ; SOURCE                         ; --            ; --          ; Top        ;
+-------------------------------------+--------------------------------+---------------+-------------+------------+


+-------------------------------------------------------------------------------------------------------------------------------+
; Flow Elapsed Time                                                                                                             ;
+---------------------------+--------------+-------------------------+---------------------+------------------------------------+
; Module Name               ; Elapsed Time ; Average Processors Used ; Peak Virtual Memory ; Total CPU Time (on all processors) ;
+---------------------------+--------------+-------------------------+---------------------+------------------------------------+
; Analysis & Synthesis      ; 00:00:04     ; 1.0                     ; 354 MB              ; 00:00:03                           ;
; Fitter                    ; 00:00:09     ; 1.0                     ; 453 MB              ; 00:00:06                           ;
; TimeQuest Timing Analyzer ; 00:00:05     ; 1.0                     ; 336 MB              ; 00:00:03                           ;
; Assembler                 ; 00:00:07     ; 1.0                     ; 376 MB              ; 00:00:03                           ;
; Total                     ; 00:00:25     ; --                      ; --                  ; 00:00:15                           ;
+---------------------------+--------------+-------------------------+---------------------+------------------------------------+


+----------------------------------------------------------------------------------------+
; Flow OS Summary                                                                        ;
+---------------------------+------------------+-----------+------------+----------------+
; Module Name               ; Machine Hostname ; OS Name   ; OS Version ; Processor type ;
+---------------------------+------------------+-----------+------------+----------------+
; Analysis & Synthesis      ; AGIN02           ; Windows 7 ; 6.2        ; x86_64         ;
; Fitter                    ; AGIN02           ; Windows 7 ; 6.2        ; x86_64         ;
; TimeQuest Timing Analyzer ; AGIN02           ; Windows 7 ; 6.2        ; x86_64         ;
; Assembler                 ; AGIN02           ; Windows 7 ; 6.2        ; x86_64         ;
+---------------------------+------------------+-----------+------------+----------------+


------------
; Flow Log ;
------------
quartus_map --read_settings_files=on --write_settings_files=off Ula -c Ula
quartus_fit --read_settings_files=off --write_settings_files=off Ula -c Ula
quartus_sta Ula -c Ula
quartus_asm --read_settings_files=off --write_settings_files=off Ula -c Ula



