Analysis & Synthesis report for Ula
Wed Feb 07 18:16:39 2018
Quartus II Version 11.0 Build 208 07/03/2011 Service Pack 1 SJ Web Edition


---------------------
; Table of Contents ;
---------------------
  1. Legal Notice
  2. Analysis & Synthesis Summary
  3. Analysis & Synthesis Settings
  4. Parallel Compilation
  5. Analysis & Synthesis Source Files Read
  6. Analysis & Synthesis Resource Usage Summary
  7. Analysis & Synthesis Resource Utilization by Entity
  8. User-Specified and Inferred Latches
  9. General Register Statistics
 10. Multiplexer Restructuring Statistics (Restructuring Performed)
 11. Port Connectivity Checks: "ula_struct:startUla"
 12. Elapsed Time Per Partition
 13. Analysis & Synthesis Messages



----------------
; Legal Notice ;
----------------
Copyright (C) 1991-2011 Altera Corporation
Your use of Altera Corporation's design tools, logic functions 
and other software and tools, and its AMPP partner logic 
functions, and any output files from any of the foregoing 
(including device programming or simulation files), and any 
associated documentation or information are expressly subject 
to the terms and conditions of the Altera Program License 
Subscription Agreement, Altera MegaCore Function License 
Agreement, or other applicable license agreement, including, 
without limitation, that your use is for the sole purpose of 
programming logic devices manufactured by Altera and sold by 
Altera or its authorized distributors.  Please refer to the 
applicable agreement for further details.



+------------------------------------------------------------------------------------+
; Analysis & Synthesis Summary                                                       ;
+------------------------------------+-----------------------------------------------+
; Analysis & Synthesis Status        ; Successful - Wed Feb 07 18:16:39 2018         ;
; Quartus II Version                 ; 11.0 Build 208 07/03/2011 SP 1 SJ Web Edition ;
; Revision Name                      ; Ula                                           ;
; Top-level Entity Name              ; ula                                           ;
; Family                             ; Cyclone II                                    ;
; Total logic elements               ; 125                                           ;
;     Total combinational functions  ; 125                                           ;
;     Dedicated logic registers      ; 0                                             ;
; Total registers                    ; 0                                             ;
; Total pins                         ; 38                                            ;
; Total virtual pins                 ; 0                                             ;
; Total memory bits                  ; 0                                             ;
; Embedded Multiplier 9-bit elements ; 0                                             ;
; Total PLLs                         ; 0                                             ;
+------------------------------------+-----------------------------------------------+


+----------------------------------------------------------------------------------------------------------------------+
; Analysis & Synthesis Settings                                                                                        ;
+----------------------------------------------------------------------------+--------------------+--------------------+
; Option                                                                     ; Setting            ; Default Value      ;
+----------------------------------------------------------------------------+--------------------+--------------------+
; Device                                                                     ; EP2C35F672C6       ;                    ;
; Top-level entity name                                                      ; Ula                ; Ula                ;
; Family name                                                                ; Cyclone II         ; Cyclone IV GX      ;
; Use smart compilation                                                      ; Off                ; Off                ;
; Enable parallel Assembler and TimeQuest Timing Analyzer during compilation ; On                 ; On                 ;
; Enable compact report table                                                ; Off                ; Off                ;
; Restructure Multiplexers                                                   ; Auto               ; Auto               ;
; Create Debugging Nodes for IP Cores                                        ; Off                ; Off                ;
; Preserve fewer node names                                                  ; On                 ; On                 ;
; Disable OpenCore Plus hardware evaluation                                  ; Off                ; Off                ;
; Verilog Version                                                            ; Verilog_2001       ; Verilog_2001       ;
; VHDL Version                                                               ; VHDL_1993          ; VHDL_1993          ;
; State Machine Processing                                                   ; Auto               ; Auto               ;
; Safe State Machine                                                         ; Off                ; Off                ;
; Extract Verilog State Machines                                             ; On                 ; On                 ;
; Extract VHDL State Machines                                                ; On                 ; On                 ;
; Ignore Verilog initial constructs                                          ; Off                ; Off                ;
; Iteration limit for constant Verilog loops                                 ; 5000               ; 5000               ;
; Iteration limit for non-constant Verilog loops                             ; 250                ; 250                ;
; Add Pass-Through Logic to Inferred RAMs                                    ; On                 ; On                 ;
; Parallel Synthesis                                                         ; On                 ; On                 ;
; DSP Block Balancing                                                        ; Auto               ; Auto               ;
; NOT Gate Push-Back                                                         ; On                 ; On                 ;
; Power-Up Don't Care                                                        ; On                 ; On                 ;
; Remove Redundant Logic Cells                                               ; Off                ; Off                ;
; Remove Duplicate Registers                                                 ; On                 ; On                 ;
; Ignore CARRY Buffers                                                       ; Off                ; Off                ;
; Ignore CASCADE Buffers                                                     ; Off                ; Off                ;
; Ignore GLOBAL Buffers                                                      ; Off                ; Off                ;
; Ignore ROW GLOBAL Buffers                                                  ; Off                ; Off                ;
; Ignore LCELL Buffers                                                       ; Off                ; Off                ;
; Ignore SOFT Buffers                                                        ; On                 ; On                 ;
; Limit AHDL Integers to 32 Bits                                             ; Off                ; Off                ;
; Optimization Technique                                                     ; Balanced           ; Balanced           ;
; Carry Chain Length                                                         ; 70                 ; 70                 ;
; Auto Carry Chains                                                          ; On                 ; On                 ;
; Auto Open-Drain Pins                                                       ; On                 ; On                 ;
; Perform WYSIWYG Primitive Resynthesis                                      ; Off                ; Off                ;
; Auto ROM Replacement                                                       ; On                 ; On                 ;
; Auto RAM Replacement                                                       ; On                 ; On                 ;
; Auto Shift Register Replacement                                            ; Auto               ; Auto               ;
; Allow Shift Register Merging across Hierarchies                            ; Auto               ; Auto               ;
; Auto Clock Enable Replacement                                              ; On                 ; On                 ;
; Strict RAM Replacement                                                     ; Off                ; Off                ;
; Allow Synchronous Control Signals                                          ; On                 ; On                 ;
; Force Use of Synchronous Clear Signals                                     ; Off                ; Off                ;
; Auto RAM to Logic Cell Conversion                                          ; Off                ; Off                ;
; Auto Resource Sharing                                                      ; Off                ; Off                ;
; Allow Any RAM Size For Recognition                                         ; Off                ; Off                ;
; Allow Any ROM Size For Recognition                                         ; Off                ; Off                ;
; Allow Any Shift Register Size For Recognition                              ; Off                ; Off                ;
; Use LogicLock Constraints during Resource Balancing                        ; On                 ; On                 ;
; Ignore translate_off and synthesis_off directives                          ; Off                ; Off                ;
; Timing-Driven Synthesis                                                    ; Off                ; Off                ;
; Report Parameter Settings                                                  ; On                 ; On                 ;
; Report Source Assignments                                                  ; On                 ; On                 ;
; Report Connectivity Checks                                                 ; On                 ; On                 ;
; Ignore Maximum Fan-Out Assignments                                         ; Off                ; Off                ;
; Synchronization Register Chain Length                                      ; 2                  ; 2                  ;
; PowerPlay Power Optimization                                               ; Normal compilation ; Normal compilation ;
; HDL message level                                                          ; Level2             ; Level2             ;
; Suppress Register Optimization Related Messages                            ; Off                ; Off                ;
; Number of Removed Registers Reported in Synthesis Report                   ; 5000               ; 5000               ;
; Number of Inverted Registers Reported in Synthesis Report                  ; 100                ; 100                ;
; Clock MUX Protection                                                       ; On                 ; On                 ;
; Auto Gated Clock Conversion                                                ; Off                ; Off                ;
; Block Design Naming                                                        ; Auto               ; Auto               ;
; SDC constraint protection                                                  ; Off                ; Off                ;
; Synthesis Effort                                                           ; Auto               ; Auto               ;
; Shift Register Replacement - Allow Asynchronous Clear Signal               ; On                 ; On                 ;
; Analysis & Synthesis Message Level                                         ; Medium             ; Medium             ;
; Disable Register Merging Across Hierarchies                                ; Auto               ; Auto               ;
; Resource Aware Inference For Block RAM                                     ; On                 ; On                 ;
; Synthesis Seed                                                             ; 1                  ; 1                  ;
+----------------------------------------------------------------------------+--------------------+--------------------+


Parallel compilation was disabled, but you have multiple processors available. Enable parallel compilation to reduce compilation time.
+-------------------------------------+
; Parallel Compilation                ;
+----------------------------+--------+
; Processors                 ; Number ;
+----------------------------+--------+
; Number detected on machine ; 2      ;
; Maximum allowed            ; 1      ;
+----------------------------+--------+


+--------------------------------------------------------------------------------------------------------+
; Analysis & Synthesis Source Files Read                                                                 ;
+----------------------------------+-----------------+-----------------+---------------------------------+
; File Name with User-Entered Path ; Used in Netlist ; File Type       ; File Name with Absolute Path    ;
+----------------------------------+-----------------+-----------------+---------------------------------+
; Ula.vhd                          ; yes             ; User VHDL File  ; E:/Projetos/Ula/Ula.vhd         ;
; ula_package.vhd                  ; yes             ; User VHDL File  ; E:/Projetos/Ula/ula_package.vhd ;
; ula_struct.vhd                   ; yes             ; User VHDL File  ; E:/Projetos/Ula/ula_struct.vhd  ;
+----------------------------------+-----------------+-----------------+---------------------------------+


+--------------------------------------------------------+
; Analysis & Synthesis Resource Usage Summary            ;
+---------------------------------------------+----------+
; Resource                                    ; Usage    ;
+---------------------------------------------+----------+
; Estimated Total logic elements              ; 125      ;
;                                             ;          ;
; Total combinational functions               ; 125      ;
; Logic element usage by number of LUT inputs ;          ;
;     -- 4 input functions                    ; 64       ;
;     -- 3 input functions                    ; 27       ;
;     -- <=2 input functions                  ; 34       ;
;                                             ;          ;
; Logic elements by mode                      ;          ;
;     -- normal mode                          ; 89       ;
;     -- arithmetic mode                      ; 36       ;
;                                             ;          ;
; Total registers                             ; 0        ;
;     -- Dedicated logic registers            ; 0        ;
;     -- I/O registers                        ; 0        ;
;                                             ;          ;
; I/O pins                                    ; 38       ;
; Maximum fan-out node                        ; operA[0] ;
; Maximum fan-out                             ; 30       ;
; Total fan-out                               ; 408      ;
; Average fan-out                             ; 2.50     ;
+---------------------------------------------+----------+


+----------------------------------------------------------------------------------------------------------------------------------------------------------------------------------+
; Analysis & Synthesis Resource Utilization by Entity                                                                                                                              ;
+----------------------------+-------------------+--------------+-------------+--------------+---------+-----------+------+--------------+--------------------------+--------------+
; Compilation Hierarchy Node ; LC Combinationals ; LC Registers ; Memory Bits ; DSP Elements ; DSP 9x9 ; DSP 18x18 ; Pins ; Virtual Pins ; Full Hierarchy Name      ; Library Name ;
+----------------------------+-------------------+--------------+-------------+--------------+---------+-----------+------+--------------+--------------------------+--------------+
; |ula                       ; 125 (0)           ; 0 (0)        ; 0           ; 0            ; 0       ; 0         ; 38   ; 0            ; |ula                     ;              ;
;    |ula_struct:startUla|   ; 125 (125)         ; 0 (0)        ; 0           ; 0            ; 0       ; 0         ; 0    ; 0            ; |ula|ula_struct:startUla ;              ;
+----------------------------+-------------------+--------------+-------------+--------------+---------+-----------+------+--------------+--------------------------+--------------+
Note: For table entries with two numbers listed, the numbers in parentheses indicate the number of resources of the given type used by the specific entity alone. The numbers listed outside of parentheses indicate the total resources of the given type used by the specific entity and all of its sub-entities in the hierarchy.


+--------------------------------------------------------------------------------------------------------+
; User-Specified and Inferred Latches                                                                    ;
+----------------------------------------------------+--------------------------+------------------------+
; Latch Name                                         ; Latch Enable Signal      ; Free of Timing Hazards ;
+----------------------------------------------------+--------------------------+------------------------+
; ula_struct:startUla|C                              ; ula_struct:startUla|Mux0 ; yes                    ;
; Number of user-specified and inferred latches = 1  ;                          ;                        ;
+----------------------------------------------------+--------------------------+------------------------+
Note: All latches listed above may not be present at the end of synthesis due to various synthesis optimizations.


+------------------------------------------------------+
; General Register Statistics                          ;
+----------------------------------------------+-------+
; Statistic                                    ; Value ;
+----------------------------------------------+-------+
; Total registers                              ; 0     ;
; Number of registers using Synchronous Clear  ; 0     ;
; Number of registers using Synchronous Load   ; 0     ;
; Number of registers using Asynchronous Clear ; 0     ;
; Number of registers using Asynchronous Load  ; 0     ;
; Number of registers using Clock Enable       ; 0     ;
; Number of registers using Preset             ; 0     ;
+----------------------------------------------+-------+


+-------------------------------------------------------------------------------------------------------------------------------------------------------------+
; Multiplexer Restructuring Statistics (Restructuring Performed)                                                                                              ;
+--------------------+-----------+---------------+----------------------+------------------------+-------------------------------+----------------------------+
; Multiplexer Inputs ; Bus Width ; Baseline Area ; Area if Restructured ; Saving if Restructured ; Registered                    ; Example Multiplexer Output ;
+--------------------+-----------+---------------+----------------------+------------------------+-------------------------------+----------------------------+
; 134:1              ; 6 bits    ; 534 LEs       ; 48 LEs               ; 486 LEs                ; |ula|ula_struct:startUla|Mux5 ;                            ;
+--------------------+-----------+---------------+----------------------+------------------------+-------------------------------+----------------------------+


+----------------------------------------------------------------------------------------------------------------+
; Port Connectivity Checks: "ula_struct:startUla"                                                                ;
+------+--------+----------+-------------------------------------------------------------------------------------+
; Port ; Type   ; Severity ; Details                                                                             ;
+------+--------+----------+-------------------------------------------------------------------------------------+
; n    ; Output ; Info     ; Connected to dangling logic. Logic that only feeds a dangling port will be removed. ;
; z    ; Output ; Info     ; Connected to dangling logic. Logic that only feeds a dangling port will be removed. ;
; c    ; Output ; Info     ; Connected to dangling logic. Logic that only feeds a dangling port will be removed. ;
; b    ; Output ; Info     ; Connected to dangling logic. Logic that only feeds a dangling port will be removed. ;
; v    ; Output ; Info     ; Connected to dangling logic. Logic that only feeds a dangling port will be removed. ;
+------+--------+----------+-------------------------------------------------------------------------------------+


+-------------------------------+
; Elapsed Time Per Partition    ;
+----------------+--------------+
; Partition Name ; Elapsed Time ;
+----------------+--------------+
; Top            ; 00:00:02     ;
+----------------+--------------+


+-------------------------------+
; Analysis & Synthesis Messages ;
+-------------------------------+
Info: *******************************************************************
Info: Running Quartus II Analysis & Synthesis
    Info: Version 11.0 Build 208 07/03/2011 Service Pack 1 SJ Web Edition
    Info: Processing started: Wed Feb 07 18:16:33 2018
Info: Command: quartus_map --read_settings_files=on --write_settings_files=off Ula -c Ula
Warning: Parallel compilation is not licensed and has been disabled
Info: Found 2 design units, including 1 entities, in source file mult4bits.vhd
    Info: Found design unit 1: mult4bits-arch_mult4bits
    Info: Found entity 1: mult4bits
Info: Found 2 design units, including 1 entities, in source file ula.vhd
    Info: Found design unit 1: ula-ula
    Info: Found entity 1: ula
Info: Found 1 design units, including 0 entities, in source file ula_package.vhd
    Info: Found design unit 1: ula_package
Info: Found 2 design units, including 1 entities, in source file ula_struct.vhd
    Info: Found design unit 1: ula_struct-ula_arch
    Info: Found entity 1: ula_struct
Info: Elaborating entity "Ula" for the top level hierarchy
Warning (10034): Output port "N" at Ula.vhd(14) has no driver
Warning (10034): Output port "Z" at Ula.vhd(14) has no driver
Warning (10034): Output port "C" at Ula.vhd(14) has no driver
Warning (10034): Output port "B" at Ula.vhd(14) has no driver
Warning (10034): Output port "V" at Ula.vhd(14) has no driver
Info: Elaborating entity "ula_struct" for hierarchy "ula_struct:startUla"
Warning (10492): VHDL Process Statement warning at ula_struct.vhd(143): signal "C" is read inside the Process Statement but isn't in the Process Statement's sensitivity list
Warning (10492): VHDL Process Statement warning at ula_struct.vhd(153): signal "C" is read inside the Process Statement but isn't in the Process Statement's sensitivity list
Warning (10631): VHDL Process Statement warning at ula_struct.vhd(39): inferring latch(es) for signal or variable "C", which holds its previous value in one or more paths through the process
Warning (10631): VHDL Process Statement warning at ula_struct.vhd(39): inferring latch(es) for signal or variable "V", which holds its previous value in one or more paths through the process
Warning (10631): VHDL Process Statement warning at ula_struct.vhd(39): inferring latch(es) for signal or variable "B", which holds its previous value in one or more paths through the process
Info (10041): Inferred latch for "B" at ula_struct.vhd(39)
Info (10041): Inferred latch for "V" at ula_struct.vhd(39)
Info (10041): Inferred latch for "C" at ula_struct.vhd(39)
Warning: Latch ula_struct:startUla|C has unsafe behavior
    Warning: Ports D and ENA on the latch are fed by the same signal operA[4]
Warning: Output pins are stuck at VCC or GND
    Warning (13410): Pin "N" is stuck at GND
    Warning (13410): Pin "Z" is stuck at GND
    Warning (13410): Pin "C" is stuck at GND
    Warning (13410): Pin "B" is stuck at GND
    Warning (13410): Pin "V" is stuck at GND
Info: Generating hard_block partition "hard_block:auto_generated_inst"
Info: Implemented 163 device resources after synthesis - the final resource count might be different
    Info: Implemented 25 input pins
    Info: Implemented 13 output pins
    Info: Implemented 125 logic cells
Info: Quartus II Analysis & Synthesis was successful. 0 errors, 19 warnings
    Info: Peak virtual memory: 351 megabytes
    Info: Processing ended: Wed Feb 07 18:16:39 2018
    Info: Elapsed time: 00:00:06
    Info: Total CPU time (on all processors): 00:00:05


